2026-06-16 09:11:52,190 INFO Scan started example.com
2026-06-16 09:11:52,191 INFO Running command: echo Target: example.com
2026-06-16 09:28:13,268 INFO Running command: subfinder -d target.com -silent
2026-06-16 09:28:32,205 INFO Running command: httpx -u redcast.target.com -silent
2026-06-16 09:28:33,045 INFO Running command: httpx -u gwslx1152.erf.target.com -silent
2026-06-16 09:28:33,937 INFO Running command: httpx -u live01.target.com -silent
2026-06-16 09:28:34,817 INFO Running command: httpx -u staging-origin.weeklyad.target.com -silent
2026-06-16 09:28:35,619 INFO Running command: httpx -u ttc2sslvpn001a.target.com -silent
2026-06-16 09:28:36,474 INFO Running command: httpx -u wa.target.com -silent
2026-06-16 09:28:37,254 INFO Running command: httpx -u xyzcorporategiftcards.target.com -silent
2026-06-16 09:28:38,206 INFO Running command: httpx -u corporategiftcards-new.target.com -silent
2026-06-16 09:28:38,960 INFO Running command: httpx -u gwslx1327.erf.target.com -silent
2026-06-16 09:28:39,815 INFO Running command: httpx -u gwslx2081.erf.target.com -silent
2026-06-16 09:28:40,649 INFO Running command: httpx -u 2bigclap.target.com -silent
2026-06-16 09:28:41,560 INFO Running command: httpx -u emails.target.com -silent
2026-06-16 09:28:42,461 INFO Running command: httpx -u idm.target.com -silent
2026-06-16 09:28:43,235 INFO Running command: httpx -u item2.ewips.target.com -silent
2026-06-16 09:28:44,176 INFO Running command: httpx -u office.mail.target.com -silent
2026-06-16 09:28:45,049 INFO Running command: httpx -u api.pf.target.com -silent
2026-06-16 09:28:45,892 INFO Running command: httpx -u dsv.target.com -silent
2026-06-16 09:28:46,784 INFO Running command: httpx -u gwslx1306.erf.target.com -silent
2026-06-16 09:28:47,645 INFO Running command: httpx -u storybook-origin.target.com -silent
2026-06-16 09:28:48,402 INFO Running command: httpx -u tap-bridge.target.com -silent
2026-06-16 09:28:49,185 INFO Running command: httpx -u crmalarm.target.com -silent
2026-06-16 09:28:50,010 INFO Running command: httpx -u cseep70-web-ext.target.com -silent
2026-06-16 09:28:50,788 INFO Running command: httpx -u csmso01-web-ext.target.com -silent
2026-06-16 09:28:51,535 INFO Running command: httpx -u gwslx1332.erf.target.com -silent
2026-06-16 09:28:52,304 INFO Running command: httpx -u logonservices-ui.external.target.com -silent
2026-06-16 09:28:53,048 INFO Running command: httpx -u metadash-csp1-w2.target.com -silent
2026-06-16 09:28:53,811 INFO Running command: httpx -u redsky.edge-csp1-w2.target.com -silent
2026-06-16 09:28:54,601 INFO Running command: httpx -u stgmyhr.ewips.target.com -silent
2026-06-16 09:28:55,550 INFO Running command: httpx -u checkout-items-v1.global.tgt-pe-test.gcp.cloud.target.com -silent
2026-06-16 09:28:56,497 INFO Running command: httpx -u email.target.com -silent
2026-06-16 09:28:57,512 INFO Running command: httpx -u intgkns-dce.target.com -silent
2026-06-16 09:28:58,445 INFO Running command: httpx -u redoak.target.com -silent
2026-06-16 09:28:59,277 INFO Running command: httpx -u secureaalogon-stg.target.com -silent
2026-06-16 09:29:00,074 INFO Running command: httpx -u storebackup.global.tgt-shr-test.gcp.cloud.target.com -silent
2026-06-16 09:29:00,906 INFO Running command: httpx -u storefront-stg.global.tgt-pe-test.gcp.cloud.target.com -silent
2026-06-16 09:29:01,707 INFO Running command: httpx -u tevapttsise001p.target.com -silent
2026-06-16 09:29:02,608 INFO Running command: httpx -u egs-stg.global.tgt-shr-test.gcp.cloud.target.com -silent
2026-06-16 09:29:03,555 INFO Running command: httpx -u mdm2.target.com -silent
2026-06-16 09:29:04,594 INFO Running command: httpx -u redsky.edge-csp1-e1.target.com -silent
2026-06-16 09:29:05,535 INFO Running command: httpx -u Connectus.target.com -silent
2026-06-16 09:29:06,491 INFO Running command: httpx -u ccserviceproxy-vmaas-dev.target.com -silent
2026-06-16 09:29:07,340 INFO Running command: httpx -u stggrswsint.ewips.target.com -silent
2026-06-16 09:29:08,265 INFO Running command: httpx -u storebackup.global.tgt-shr-prod.gcp.cloud.target.com -silent
2026-06-16 09:29:09,177 INFO Running command: httpx -u xrdlx1002.erf.target.com -silent
2026-06-16 09:29:10,075 INFO Running command: httpx -u itgtcollab-s.target.com -silent
2026-06-16 09:29:10,890 INFO Running command: httpx -u meet.target.com -silent
2026-06-16 09:29:11,747 INFO Running command: httpx -u originpky-img3-stg.target.com -silent
2026-06-16 09:29:12,590 INFO Running command: httpx -u tezttsdcx01p.extdns.target.com -silent
2026-06-16 09:29:13,303 INFO Running command: httpx -u csplx1001.erf.target.com -silent
2026-06-16 09:29:14,028 INFO Running command: httpx -u bav.target.com -silent
2026-06-16 09:29:14,815 INFO Running command: httpx -u f5-lbas-tte.logonservices.oauth.iam.perf.target.com -silent
2026-06-16 09:29:15,528 INFO Running command: httpx -u help.target.com -silent
2026-06-16 09:29:16,269 INFO Running command: httpx -u mta2.em.target.com -silent
2026-06-16 09:29:17,081 INFO Running command: httpx -u gwslx1148.erf.target.com -silent
2026-06-16 09:29:17,896 INFO Running command: httpx -u gwslx1154.erf.target.com -silent
2026-06-16 09:29:18,732 INFO Running command: httpx -u redsky-test.edge-csp1-w2-dev.target.com -silent
2026-06-16 09:29:19,542 INFO Running command: httpx -u subscriptions-adminapi.east1.tgt-shr-test.gcp.cloud.target.com -silent
2026-06-16 09:29:20,330 INFO Running command: httpx -u secureloginaa-stg.ewips.target.com -silent
2026-06-16 09:29:21,210 INFO Running command: httpx -u swift005.iam.target.com -silent
2026-06-16 09:29:22,063 INFO Running command: httpx -u test-api.target.com -silent
2026-06-16 09:29:22,949 INFO Running command: httpx -u view.oe.target.com -silent
2026-06-16 09:29:23,734 INFO Running command: httpx -u xyccentralpurchasing.ewips.target.com -silent
2026-06-16 09:29:24,649 INFO Running command: httpx -u binrepo.target.com -silent
2026-06-16 09:29:25,684 INFO Running command: httpx -u club.target.com -silent
2026-06-16 09:29:26,561 INFO Running command: httpx -u crowd.colab.target.com -silent
2026-06-16 09:29:27,497 INFO Running command: httpx -u f5-lbas-ttc.oauth-dev.iam.perf.target.com -silent
2026-06-16 09:31:34,287 INFO Running command: subfinder -d target.com -silent
2026-06-16 09:32:05,930 INFO Running command: httpx -silent -l -
2026-06-16 09:32:06,746 INFO Running command: nmap -sV -T4 target.com
2026-06-16 09:32:46,431 INFO Running command: whatweb target.com
